=======================================================
Testing Deutsch-Josza Algorithm on Constant Function

   Running with bit string of size n = 2
                  number of trials t = 1
                   reload U_f matrix = False
=======================================================

Matrix U_f is as follows: 
[[1. 0. 0. 0. 0. 0. 0. 0.]
 [0. 1. 0. 0. 0. 0. 0. 0.]
 [0. 0. 1. 0. 0. 0. 0. 0.]
 [0. 0. 0. 1. 0. 0. 0. 0.]
 [0. 0. 0. 0. 1. 0. 0. 0.]
 [0. 0. 0. 0. 0. 1. 0. 0.]
 [0. 0. 0. 0. 0. 0. 1. 0.]
 [0. 0. 0. 0. 0. 0. 0. 1.]]

===========================
**Running Quantum Program**
===========================


====================================
Measured Qubit State Accross Trials:

{0: array([1]), 1: array([0]), 2: array([0])}
====================================

====================================
Measured State for Iteration 1:

[0, 0]
====================================

Implemented Deutsch-Josza Algorithm Success!!!

(Took 0.56 s to complete.)
=======================================================
Testing Deutsch-Josza Algorithm on Constant Function

   Running with bit string of size n = 3
                  number of trials t = 1
                   reload U_f matrix = False
=======================================================

Matrix U_f is as follows: 
[[0. 1. 0. 0. 0. 0. 0. 0. 0. 0. 0. 0. 0. 0. 0. 0.]
 [1. 0. 0. 0. 0. 0. 0. 0. 0. 0. 0. 0. 0. 0. 0. 0.]
 [0. 0. 0. 1. 0. 0. 0. 0. 0. 0. 0. 0. 0. 0. 0. 0.]
 [0. 0. 1. 0. 0. 0. 0. 0. 0. 0. 0. 0. 0. 0. 0. 0.]
 [0. 0. 0. 0. 0. 1. 0. 0. 0. 0. 0. 0. 0. 0. 0. 0.]
 [0. 0. 0. 0. 1. 0. 0. 0. 0. 0. 0. 0. 0. 0. 0. 0.]
 [0. 0. 0. 0. 0. 0. 0. 1. 0. 0. 0. 0. 0. 0. 0. 0.]
 [0. 0. 0. 0. 0. 0. 1. 0. 0. 0. 0. 0. 0. 0. 0. 0.]
 [0. 0. 0. 0. 0. 0. 0. 0. 0. 1. 0. 0. 0. 0. 0. 0.]
 [0. 0. 0. 0. 0. 0. 0. 0. 1. 0. 0. 0. 0. 0. 0. 0.]
 [0. 0. 0. 0. 0. 0. 0. 0. 0. 0. 0. 1. 0. 0. 0. 0.]
 [0. 0. 0. 0. 0. 0. 0. 0. 0. 0. 1. 0. 0. 0. 0. 0.]
 [0. 0. 0. 0. 0. 0. 0. 0. 0. 0. 0. 0. 0. 1. 0. 0.]
 [0. 0. 0. 0. 0. 0. 0. 0. 0. 0. 0. 0. 1. 0. 0. 0.]
 [0. 0. 0. 0. 0. 0. 0. 0. 0. 0. 0. 0. 0. 0. 0. 1.]
 [0. 0. 0. 0. 0. 0. 0. 0. 0. 0. 0. 0. 0. 0. 1. 0.]]

===========================
**Running Quantum Program**
===========================


====================================
Measured Qubit State Accross Trials:

{0: array([1]), 1: array([0]), 2: array([0]), 3: array([0])}
====================================

====================================
Measured State for Iteration 1:

[0, 0, 0]
====================================

Implemented Deutsch-Josza Algorithm Success!!!

(Took 2.40 s to complete.)
=======================================================
Testing Deutsch-Josza Algorithm on Constant Function

   Running with bit string of size n = 4
                  number of trials t = 1
                   reload U_f matrix = False
=======================================================

Matrix U_f is as follows: 
[[0. 1. 0. ... 0. 0. 0.]
 [1. 0. 0. ... 0. 0. 0.]
 [0. 0. 0. ... 0. 0. 0.]
 ...
 [0. 0. 0. ... 0. 0. 0.]
 [0. 0. 0. ... 0. 0. 1.]
 [0. 0. 0. ... 0. 1. 0.]]

===========================
**Running Quantum Program**
===========================


====================================
Measured Qubit State Accross Trials:

{0: array([1]), 1: array([0]), 2: array([0]), 3: array([0]), 4: array([0])}
====================================

====================================
Measured State for Iteration 1:

[0, 0, 0, 0]
====================================

Implemented Deutsch-Josza Algorithm Success!!!

(Took 15.38 s to complete.)
=======================================================
Testing Deutsch-Josza Algorithm on Constant Function

   Running with bit string of size n = 5
                  number of trials t = 1
                   reload U_f matrix = False
=======================================================

Matrix U_f is as follows: 
[[1. 0. 0. ... 0. 0. 0.]
 [0. 1. 0. ... 0. 0. 0.]
 [0. 0. 1. ... 0. 0. 0.]
 ...
 [0. 0. 0. ... 1. 0. 0.]
 [0. 0. 0. ... 0. 1. 0.]
 [0. 0. 0. ... 0. 0. 1.]]

===========================
**Running Quantum Program**
===========================


====================================
Measured Qubit State Accross Trials:

{0: array([0]), 1: array([0]), 2: array([0]), 3: array([0]), 4: array([0]), 5: array([0])}
====================================

====================================
Measured State for Iteration 1:

[0, 0, 0, 0, 0]
====================================

Implemented Deutsch-Josza Algorithm Success!!!

(Took 0.50 s to complete.)
=======================================================
Testing Deutsch-Josza Algorithm on Constant Function

   Running with bit string of size n = 6
                  number of trials t = 1
                   reload U_f matrix = False
=======================================================

Matrix U_f is as follows: 
[[1. 0. 0. ... 0. 0. 0.]
 [0. 1. 0. ... 0. 0. 0.]
 [0. 0. 1. ... 0. 0. 0.]
 ...
 [0. 0. 0. ... 1. 0. 0.]
 [0. 0. 0. ... 0. 1. 0.]
 [0. 0. 0. ... 0. 0. 1.]]

===========================
**Running Quantum Program**
===========================


====================================
Measured Qubit State Accross Trials:

{0: array([0]), 1: array([0]), 2: array([0]), 3: array([0]), 4: array([0]), 5: array([0]), 6: array([0])}
====================================

====================================
Measured State for Iteration 1:

[0, 0, 0, 0, 0, 0]
====================================

Implemented Deutsch-Josza Algorithm Success!!!

(Took 1.02 s to complete.)
=======================================================
Testing Deutsch-Josza Algorithm on Constant Function

   Running with bit string of size n = 7
                  number of trials t = 1
                   reload U_f matrix = False
=======================================================

Matrix U_f is as follows: 
[[0. 1. 0. ... 0. 0. 0.]
 [1. 0. 0. ... 0. 0. 0.]
 [0. 0. 0. ... 0. 0. 0.]
 ...
 [0. 0. 0. ... 0. 0. 0.]
 [0. 0. 0. ... 0. 0. 1.]
 [0. 0. 0. ... 0. 1. 0.]]

===========================
**Running Quantum Program**
===========================


====================================
Measured Qubit State Accross Trials:

{0: array([1]), 1: array([0]), 2: array([0]), 3: array([0]), 4: array([0]), 5: array([0]), 6: array([0]), 7: array([0])}
====================================

====================================
Measured State for Iteration 1:

[0, 0, 0, 0, 0, 0, 0]
====================================

Implemented Deutsch-Josza Algorithm Success!!!

(Took 767.56 s to complete.)
=======================================================
Testing Deutsch-Josza Algorithm on Constant Function

   Running with bit string of size n = 8
                  number of trials t = 1
                   reload U_f matrix = False
=======================================================

Matrix U_f is as follows: 
[[0. 1. 0. ... 0. 0. 0.]
 [1. 0. 0. ... 0. 0. 0.]
 [0. 0. 0. ... 0. 0. 0.]
 ...
 [0. 0. 0. ... 0. 0. 0.]
 [0. 0. 0. ... 0. 0. 1.]
 [0. 0. 0. ... 0. 1. 0.]]

===========================
**Running Quantum Program**
===========================

Traceback (most recent call last):
  File "dj.py", line 107, in <module>
    ret =  dj.qc_program(n, t, r, b, v)
  File "dj.py", line 71, in qc_program
    results = qc.run_and_measure(p, trials=t)
  File "/home/arjunraghavan/.pyvirtualenvs/cs239-pyquil/lib/python3.7/site-packages/pyquil/api/_error_reporting.py", line 251, in wrapper
    val = func(*args, **kwargs)
  File "/home/arjunraghavan/.pyvirtualenvs/cs239-pyquil/lib/python3.7/site-packages/pyquil/api/_quantum_computer.py", line 420, in run_and_measure
    executable = self.compile(program)
  File "/home/arjunraghavan/.pyvirtualenvs/cs239-pyquil/lib/python3.7/site-packages/pyquil/api/_error_reporting.py", line 251, in wrapper
    val = func(*args, **kwargs)
  File "/home/arjunraghavan/.pyvirtualenvs/cs239-pyquil/lib/python3.7/site-packages/pyquil/api/_quantum_computer.py", line 481, in compile
    nq_program = self.compiler.quil_to_native_quil(program, protoquil=protoquil)
  File "/home/arjunraghavan/.pyvirtualenvs/cs239-pyquil/lib/python3.7/site-packages/pyquil/api/_error_reporting.py", line 251, in wrapper
    val = func(*args, **kwargs)
  File "/home/arjunraghavan/.pyvirtualenvs/cs239-pyquil/lib/python3.7/site-packages/pyquil/api/_compiler.py", line 414, in quil_to_native_quil
    response = self.client.call("quil_to_native_quil", request, protoquil=protoquil).asdict()
  File "/home/arjunraghavan/.pyvirtualenvs/cs239-pyquil/lib/python3.7/site-packages/rpcq/_client.py", line 186, in call
    if self._socket.poll(timeout) == 0:
  File "/home/arjunraghavan/.pyvirtualenvs/cs239-pyquil/lib/python3.7/site-packages/zmq/sugar/socket.py", line 702, in poll
    evts = dict(p.poll(timeout))
  File "/home/arjunraghavan/.pyvirtualenvs/cs239-pyquil/lib/python3.7/site-packages/zmq/sugar/poll.py", line 99, in poll
    return zmq_poll(self.sockets, timeout=timeout)
  File "zmq/backend/cython/_poll.pyx", line 123, in zmq.backend.cython._poll.zmq_poll
  File "zmq/backend/cython/checkrc.pxd", line 13, in zmq.backend.cython.checkrc._check_rc
KeyboardInterrupt
